{"uuid":"52279eab-e09b-41df-a50e-2e76a44aa255","historyId":"6d18f4d277c6e9d77a8c452bc3e1a01e","fullName":"sanity.NopCommerceWeb.searchProduct","labels":[{"name":"package","value":"sanity.NopCommerceWeb"},{"name":"testClass","value":"sanity.NopCommerceWeb"},{"name":"testMethod","value":"searchProduct"},{"name":"parentSuite","value":"Default Suite"},{"name":"suite","value":"FinalProject"},{"name":"subSuite","value":"sanity.NopCommerceWeb"},{"name":"host","value":"bmzalbat-ltm.internal.salesforce.com"},{"name":"thread","value":"73468@bmzalbat-ltm.internal.salesforce.com.main(1)"},{"name":"framework","value":"testng"},{"name":"language","value":"java"}],"links":[],"name":"searchProduct","status":"failed","statusDetails":{"known":false,"muted":false,"flaky":false,"message":"expected [Windows 8 pro] but found [Windows 8 Pro]","trace":"java.lang.AssertionError: expected [Windows 8 pro] but found [Windows 8 Pro]\n\tat org.testng.Assert.fail(Assert.java:97)\n\tat org.testng.Assert.assertEqualsImpl(Assert.java:136)\n\tat org.testng.Assert.assertEquals(Assert.java:118)\n\tat org.testng.Assert.assertEquals(Assert.java:575)\n\tat org.testng.Assert.assertEquals(Assert.java:585)\n\tat extensions.Verifications.existsOfElement(Verifications.java:37)\n\tat sanity.NopCommerceWeb.searchProduct(NopCommerceWeb.java:52)\n\tat sun.reflect.NativeMethodAccessorImpl.invoke0(Native Method)\n\tat sun.reflect.NativeMethodAccessorImpl.invoke(NativeMethodAccessorImpl.java:62)\n\tat sun.reflect.DelegatingMethodAccessorImpl.invoke(DelegatingMethodAccessorImpl.java:43)\n\tat java.lang.reflect.Method.invoke(Method.java:498)\n\tat org.testng.internal.MethodInvocationHelper.invokeMethod(MethodInvocationHelper.java:133)\n\tat org.testng.internal.TestInvoker.invokeMethod(TestInvoker.java:584)\n\tat org.testng.internal.TestInvoker.invokeTestMethod(TestInvoker.java:172)\n\tat org.testng.internal.MethodRunner.runInSequence(MethodRunner.java:46)\n\tat org.testng.internal.TestInvoker$MethodInvocationAgent.invoke(TestInvoker.java:804)\n\tat org.testng.internal.TestInvoker.invokeTestMethods(TestInvoker.java:145)\n\tat org.testng.internal.TestMethodWorker.invokeTestMethods(TestMethodWorker.java:146)\n\tat org.testng.internal.TestMethodWorker.run(TestMethodWorker.java:128)\n\tat java.util.ArrayList.forEach(ArrayList.java:1259)\n\tat org.testng.TestRunner.privateRun(TestRunner.java:770)\n\tat org.testng.TestRunner.run(TestRunner.java:591)\n\tat org.testng.SuiteRunner.runTest(SuiteRunner.java:402)\n\tat org.testng.SuiteRunner.runSequentially(SuiteRunner.java:396)\n\tat org.testng.SuiteRunner.privateRun(SuiteRunner.java:355)\n\tat org.testng.SuiteRunner.run(SuiteRunner.java:304)\n\tat org.testng.SuiteRunnerWorker.runSuite(SuiteRunnerWorker.java:53)\n\tat org.testng.SuiteRunnerWorker.run(SuiteRunnerWorker.java:96)\n\tat org.testng.TestNG.runSuitesSequentially(TestNG.java:1180)\n\tat org.testng.TestNG.runSuitesLocally(TestNG.java:1102)\n\tat org.testng.TestNG.runSuites(TestNG.java:1032)\n\tat org.testng.TestNG.run(TestNG.java:1000)\n\tat com.intellij.rt.testng.IDEARemoteTestNG.run(IDEARemoteTestNG.java:66)\n\tat com.intellij.rt.testng.RemoteTestNGStarter.main(RemoteTestNGStarter.java:109)\n"},"stage":"finished","steps":[{"name":"update text as human","status":"passed","stage":"finished","steps":[],"attachments":[],"parameters":[{"name":"elem","value":"[[ChromeDriver: chrome on MAC (245371f28b4c77773c5ac8f857ed93dc)] -> xpath: //input[@class='search-box-text ui-autocomplete-input']]"},{"name":"s","value":"8 pro"}],"start":1647101849377,"stop":1647101852921},{"name":"click on element","status":"passed","stage":"finished","steps":[],"attachments":[],"parameters":[{"name":"elem","value":"[[ChromeDriver: chrome on MAC (245371f28b4c77773c5ac8f857ed93dc)] -> xpath: //button[@class='button-1 search-box-button']]"}],"start":1647101852933,"stop":1647101854937},{"name":"verify element exist in search","status":"failed","statusDetails":{"known":false,"muted":false,"flaky":false,"message":"expected [Windows 8 pro] but found [Windows 8 Pro]","trace":"java.lang.AssertionError: expected [Windows 8 pro] but found [Windows 8 Pro]\n\tat org.testng.Assert.fail(Assert.java:97)\n\tat org.testng.Assert.assertEqualsImpl(Assert.java:136)\n\tat org.testng.Assert.assertEquals(Assert.java:118)\n\tat org.testng.Assert.assertEquals(Assert.java:575)\n\tat org.testng.Assert.assertEquals(Assert.java:585)\n\tat extensions.Verifications.existsOfElement(Verifications.java:37)\n\tat sanity.NopCommerceWeb.searchProduct(NopCommerceWeb.java:52)\n\tat sun.reflect.NativeMethodAccessorImpl.invoke0(Native Method)\n\tat sun.reflect.NativeMethodAccessorImpl.invoke(NativeMethodAccessorImpl.java:62)\n\tat sun.reflect.DelegatingMethodAccessorImpl.invoke(DelegatingMethodAccessorImpl.java:43)\n\tat java.lang.reflect.Method.invoke(Method.java:498)\n\tat org.testng.internal.MethodInvocationHelper.invokeMethod(MethodInvocationHelper.java:133)\n\tat org.testng.internal.TestInvoker.invokeMethod(TestInvoker.java:584)\n\tat org.testng.internal.TestInvoker.invokeTestMethod(TestInvoker.java:172)\n\tat org.testng.internal.MethodRunner.runInSequence(MethodRunner.java:46)\n\tat org.testng.internal.TestInvoker$MethodInvocationAgent.invoke(TestInvoker.java:804)\n\tat org.testng.internal.TestInvoker.invokeTestMethods(TestInvoker.java:145)\n\tat org.testng.internal.TestMethodWorker.invokeTestMethods(TestMethodWorker.java:146)\n\tat org.testng.internal.TestMethodWorker.run(TestMethodWorker.java:128)\n\tat java.util.ArrayList.forEach(ArrayList.java:1259)\n\tat org.testng.TestRunner.privateRun(TestRunner.java:770)\n\tat org.testng.TestRunner.run(TestRunner.java:591)\n\tat org.testng.SuiteRunner.runTest(SuiteRunner.java:402)\n\tat org.testng.SuiteRunner.runSequentially(SuiteRunner.java:396)\n\tat org.testng.SuiteRunner.privateRun(SuiteRunner.java:355)\n\tat org.testng.SuiteRunner.run(SuiteRunner.java:304)\n\tat org.testng.SuiteRunnerWorker.runSuite(SuiteRunnerWorker.java:53)\n\tat org.testng.SuiteRunnerWorker.run(SuiteRunnerWorker.java:96)\n\tat org.testng.TestNG.runSuitesSequentially(TestNG.java:1180)\n\tat org.testng.TestNG.runSuitesLocally(TestNG.java:1102)\n\tat org.testng.TestNG.runSuites(TestNG.java:1032)\n\tat org.testng.TestNG.run(TestNG.java:1000)\n\tat com.intellij.rt.testng.IDEARemoteTestNG.run(IDEARemoteTestNG.java:66)\n\tat com.intellij.rt.testng.RemoteTestNGStarter.main(RemoteTestNGStarter.java:109)\n"},"stage":"finished","steps":[],"attachments":[],"parameters":[{"name":"elem","value":"[[ChromeDriver: chrome on MAC (245371f28b4c77773c5ac8f857ed93dc)] -> xpath: //h2[@class='product-title']]"},{"name":"k","value":"Windows 8 pro"}],"start":1647101854954,"stop":1647101854997}],"attachments":[{"name":"Page Screen-Shot","source":"90b00996-75d8-413d-bde1-c6b3f446ceeb-attachment","type":"image/src"}],"parameters":[{"name":"arg1","value":"Windows 8 pro"},{"name":"arg0","value":"8 pro"}],"start":1647101849321,"stop":1647101855525}